<?xml version="1.0" encoding="UTF-8"?>
<!-- Generated by org.testng.reporters.JUnitReportReporter -->
<testsuite hostname="DESKTOP-3CSQIQH" failures="0" tests="1" name="com.vaultify.vaultify_platform.Staff_and_Team" time="15.018" errors="0" timestamp="2025-07-03T12:13:30 IST" skipped="0">
  <testcase classname="com.vaultify.vaultify_platform.Staff_and_Team" name="employeesearch" time="15.018"/>
</testsuite> <!-- com.vaultify.vaultify_platform.Staff_and_Team -->
