<?xml version="1.0" encoding="UTF-8"?>
<!-- Generated by org.testng.reporters.JUnitReportReporter -->
<testsuite hostname="DESKTOP-3CSQIQH" failures="0" tests="1" name="com.vaultify.vaultify_platform.FeedBack_Module" time="26.597" errors="0" timestamp="2025-07-31T20:35:53 IST" skipped="0">
  <testcase classname="com.vaultify.vaultify_platform.FeedBack_Module" name="feedback_management_search" time="26.597"/>
</testsuite> <!-- com.vaultify.vaultify_platform.FeedBack_Module -->
