<?xml version="1.0" encoding="UTF-8"?>
<!-- Generated by org.testng.reporters.JUnitReportReporter -->
<testsuite hostname="DESKTOP-CM9LAU8" failures="0" tests="1" name="com.vaultify.vaultify_platform.Admin_Modules_Access_and_check" time="20.018" errors="0" timestamp="2025-05-13T18:31:25 IST" skipped="0">
  <testcase classname="com.vaultify.vaultify_platform.Admin_Modules_Access_and_check" name="Feedback_Management" time="20.018"/>
  <system-out/>
</testsuite> <!-- com.vaultify.vaultify_platform.Admin_Modules_Access_and_check -->
