<?xml version="1.0" encoding="UTF-8"?>
<!-- Generated by org.testng.reporters.JUnitReportReporter -->
<testsuite hostname="DESKTOP-3CSQIQH" failures="0" tests="1" name="com.vaultify.vaultify_platform.Bidding_management" time="21.122" errors="0" timestamp="2025-07-14T17:07:19 IST" skipped="0">
  <testcase classname="com.vaultify.vaultify_platform.Bidding_management" name="privateBid_console_search" time="21.122"/>
</testsuite> <!-- com.vaultify.vaultify_platform.Bidding_management -->
