<?xml version="1.0" encoding="UTF-8"?>
<!-- Generated by org.testng.reporters.JUnitReportReporter -->
<testsuite hostname="DESKTOP-3CSQIQH" failures="0" tests="1" name="com.vaultify.vaultify_platform.Refund_Management" time="14.556" errors="0" timestamp="2025-07-14T16:12:51 IST" skipped="0">
  <testcase classname="com.vaultify.vaultify_platform.Refund_Management" name="refund_list_status_checker" time="14.556"/>
</testsuite> <!-- com.vaultify.vaultify_platform.Refund_Management -->
