<?xml version="1.0" encoding="UTF-8"?>
<!-- Generated by org.testng.reporters.JUnitReportReporter -->
<testsuite hostname="DESKTOP-3CSQIQH" failures="0" tests="1" name="com.vaultify.vaultify_platform.Property_management" time="25.018" errors="0" timestamp="2025-07-14T16:24:22 IST" skipped="0">
  <testcase classname="com.vaultify.vaultify_platform.Property_management" name="Property_Search" time="25.018"/>
</testsuite> <!-- com.vaultify.vaultify_platform.Property_management -->
