<?xml version="1.0" encoding="UTF-8"?>
<!-- Generated by org.testng.reporters.JUnitReportReporter -->
<testsuite hostname="DESKTOP-3CSQIQH" failures="0" tests="1" name="com.vaultify.vaultify_platform.Society_management" time="31.343" errors="0" timestamp="2025-07-14T16:24:22 IST" skipped="0">
  <testcase classname="com.vaultify.vaultify_platform.Society_management" name="Society_search" time="31.343"/>
</testsuite> <!-- com.vaultify.vaultify_platform.Society_management -->
