<?xml version="1.0" encoding="UTF-8"?>
<!-- Generated by org.testng.reporters.JUnitReportReporter -->
<testsuite hostname="user" failures="0" tests="1" name="com.vaultify.vaultify_platform.Bidding_management" time="29.156" errors="0" timestamp="2025-07-17T13:06:17 IST" skipped="0">
  <testcase classname="com.vaultify.vaultify_platform.Bidding_management" name="bid_filter_checker" time="29.156"/>
  <system-out/>
</testsuite> <!-- com.vaultify.vaultify_platform.Bidding_management -->
