<?xml version="1.0" encoding="UTF-8"?>
<!-- Generated by org.testng.reporters.JUnitReportReporter -->
<testsuite hostname="DESKTOP-3CSQIQH" failures="0" tests="1" name="com.vaultify.vaultify_platform.Property_management" time="18.945" errors="0" timestamp="2025-06-24T19:40:01 IST" skipped="0">
  <testcase classname="com.vaultify.vaultify_platform.Property_management" name="propertydelete" time="18.945"/>
</testsuite> <!-- com.vaultify.vaultify_platform.Property_management -->
