<?xml version="1.0" encoding="UTF-8"?>
<!-- Generated by org.testng.reporters.JUnitReportReporter -->
<testsuite hostname="user" failures="0" tests="1" name="com.vaultify.vaultify_platform.Society_management" time="41.803" errors="0" timestamp="2025-07-20T22:38:45 IST" skipped="0">
  <testcase classname="com.vaultify.vaultify_platform.Society_management" name="Society_search" time="41.803"/>
  <system-out/>
</testsuite> <!-- com.vaultify.vaultify_platform.Society_management -->
