<?xml version="1.0" encoding="UTF-8"?>
<!-- Generated by org.testng.reporters.JUnitReportReporter -->
<testsuite hostname="DESKTOP-3CSQIQH" failures="0" tests="1" name="com.vaultify.vaultify_platform.Refund_Management" time="17.715" errors="0" timestamp="2025-07-14T17:51:45 IST" skipped="0">
  <testcase classname="com.vaultify.vaultify_platform.Refund_Management" name="Refund_list_search" time="17.715"/>
</testsuite> <!-- com.vaultify.vaultify_platform.Refund_Management -->
