<?xml version="1.0" encoding="UTF-8"?>
<!-- Generated by org.testng.reporters.JUnitReportReporter -->
<testsuite hostname="DESKTOP-3CSQIQH" failures="0" tests="1" name="com.vaultify.vaultify_platform.Bidding_management" time="38.449" errors="0" timestamp="2025-08-13T15:25:50 IST" skipped="0">
  <testcase classname="com.vaultify.vaultify_platform.Bidding_management" name="Active_bid_Details_Accessor" time="38.449"/>
</testsuite> <!-- com.vaultify.vaultify_platform.Bidding_management -->
