<?xml version="1.0" encoding="UTF-8"?>
<!-- Generated by org.testng.reporters.JUnitReportReporter -->
<testsuite hostname="DESKTOP-3CSQIQH" failures="0" tests="1" name="com.vaultify.vaultify_platform.Grievance_Module" time="36.807" errors="0" timestamp="2025-08-05T19:00:06 IST" skipped="0">
  <testcase classname="com.vaultify.vaultify_platform.Grievance_Module" name="Grievance_staff_assign_check" time="36.807"/>
</testsuite> <!-- com.vaultify.vaultify_platform.Grievance_Module -->
