<?xml version="1.0" encoding="UTF-8"?>
<!-- Generated by org.testng.reporters.JUnitReportReporter -->
<testsuite hostname="DESKTOP-3CSQIQH" failures="0" tests="1" name="com.vaultify.vaultify_platform.Refund_Management" time="31.850" errors="0" timestamp="2025-08-04T18:07:35 IST" skipped="0">
  <testcase classname="com.vaultify.vaultify_platform.Refund_Management" name="Refund_list_data_fetcher" time="31.850"/>
</testsuite> <!-- com.vaultify.vaultify_platform.Refund_Management -->
