<?xml version="1.0" encoding="UTF-8"?>
<!-- Generated by org.testng.reporters.JUnitReportReporter -->
<testsuite hostname="user" failures="0" tests="1" name="com.vaultify.vaultify_platform.Property_management" time="63.358" errors="0" timestamp="2025-06-30T00:03:34 IST" skipped="0">
  <testcase classname="com.vaultify.vaultify_platform.Property_management" name="Property_Staff_assign" time="63.358"/>
  <system-out/>
</testsuite> <!-- com.vaultify.vaultify_platform.Property_management -->
