<?xml version="1.0" encoding="UTF-8"?>
<!-- Generated by org.testng.reporters.JUnitReportReporter -->
<testsuite hostname="DESKTOP-3CSQIQH" failures="0" tests="1" name="com.vaultify.vaultify_platform.Property_management" time="19.398" errors="0" timestamp="2025-06-24T14:20:19 IST" skipped="0">
  <testcase classname="com.vaultify.vaultify_platform.Property_management" name="Property_Search" time="19.398"/>
</testsuite> <!-- com.vaultify.vaultify_platform.Property_management -->
