<?xml version="1.0" encoding="UTF-8"?>
<!-- Generated by org.testng.reporters.JUnitReportReporter -->
<testsuite hostname="user" failures="0" tests="1" name="com.vaultify.vaultify_platform.Staff_and_Team" time="20.194" errors="0" timestamp="2025-07-02T21:34:35 IST" skipped="0">
  <testcase classname="com.vaultify.vaultify_platform.Staff_and_Team" name="employeesearch" time="20.194"/>
  <system-out/>
</testsuite> <!-- com.vaultify.vaultify_platform.Staff_and_Team -->
