<?xml version="1.0" encoding="UTF-8"?>
<!-- Generated by org.testng.reporters.JUnitReportReporter -->
<testsuite hostname="DESKTOP-3CSQIQH" failures="0" tests="1" name="com.vaultify.vaultify_platform.Admin_Modules_Access_and_check" time="29.048" errors="0" timestamp="2025-08-05T18:07:44 IST" skipped="0">
  <testcase classname="com.vaultify.vaultify_platform.Admin_Modules_Access_and_check" name="Grivance_Management" time="29.048"/>
</testsuite> <!-- com.vaultify.vaultify_platform.Admin_Modules_Access_and_check -->
