<?xml version="1.0" encoding="UTF-8"?>
<!-- Generated by org.testng.reporters.JUnitReportReporter -->
<testsuite hostname="DESKTOP-3CSQIQH" failures="0" tests="1" name="com.vaultify.vaultify_platform.Service_ReFund" time="45.971" errors="0" timestamp="2025-08-05T19:50:49 IST" skipped="0">
  <testcase classname="com.vaultify.vaultify_platform.Service_ReFund" name="due_payment_info" time="45.971"/>
</testsuite> <!-- com.vaultify.vaultify_platform.Service_ReFund -->
