<?xml version="1.0" encoding="UTF-8"?>
<!-- Generated by org.testng.reporters.JUnitReportReporter -->
<testsuite hostname="user" failures="0" tests="8" name="com.vaultify.vaultify_platform.Society_management" time="159.348" errors="0" timestamp="2025-07-06T20:38:55 IST" skipped="0">
  <testcase classname="com.vaultify.vaultify_platform.Society_management" name="Society_add" time="17.717"/>
  <system-out/>
  <testcase classname="com.vaultify.vaultify_platform.Society_management" name="Society_add" time="33.515"/>
  <system-out/>
  <testcase classname="com.vaultify.vaultify_platform.Society_management" name="Society_add" time="16.949"/>
  <system-out/>
  <testcase classname="com.vaultify.vaultify_platform.Society_management" name="Society_add" time="17.693"/>
  <system-out/>
  <testcase classname="com.vaultify.vaultify_platform.Society_management" name="Society_add" time="21.097"/>
  <system-out/>
  <testcase classname="com.vaultify.vaultify_platform.Society_management" name="Society_add" time="17.082"/>
  <system-out/>
  <testcase classname="com.vaultify.vaultify_platform.Society_management" name="Society_add" time="17.150"/>
  <system-out/>
  <testcase classname="com.vaultify.vaultify_platform.Society_management" name="Society_add" time="18.145"/>
  <system-out/>
</testsuite> <!-- com.vaultify.vaultify_platform.Society_management -->
