<?xml version="1.0" encoding="UTF-8"?>
<!-- Generated by org.testng.reporters.JUnitReportReporter -->
<testsuite hostname="user" failures="0" tests="1" name="com.vaultify.vaultify_platform.cms_and_versity" time="14.438" errors="0" timestamp="2025-07-17T13:19:07 IST" skipped="0">
  <testcase classname="com.vaultify.vaultify_platform.cms_and_versity" name="Cms_Page_list_checker" time="14.438"/>
  <system-out/>
</testsuite> <!-- com.vaultify.vaultify_platform.cms_and_versity -->
