<?xml version="1.0" encoding="UTF-8"?>
<!-- Generated by org.testng.reporters.JUnitReportReporter -->
<testsuite hostname="DESKTOP-3CSQIQH" failures="0" tests="1" name="com.vaultify.vaultify_platform.user_module" time="20.415" errors="0" timestamp="2025-07-14T16:24:22 IST" skipped="0">
  <testcase classname="com.vaultify.vaultify_platform.user_module" name="user_Search" time="20.415"/>
</testsuite> <!-- com.vaultify.vaultify_platform.user_module -->
