<?xml version="1.0" encoding="UTF-8"?>
<!-- Generated by org.testng.reporters.JUnitReportReporter -->
<testsuite hostname="DESKTOP-3CSQIQH" failures="0" tests="1" name="com.vaultify.vaultify_platform.Talk_to_Expert_Module" time="51.953" errors="0" timestamp="2025-07-28T20:02:42 IST" skipped="0">
  <testcase classname="com.vaultify.vaultify_platform.Talk_to_Expert_Module" name="expert_staff_assign" time="51.953"/>
</testsuite> <!-- com.vaultify.vaultify_platform.Talk_to_Expert_Module -->
