<?xml version="1.0" encoding="UTF-8"?>
<!-- Generated by org.testng.reporters.JUnitReportReporter -->
<testsuite hostname="DESKTOP-CM9LAU8" failures="0" tests="6" name="com.vaultify.vaultify_platform.Staff_and_Team" time="141.681" errors="0" timestamp="2025-05-23T18:02:32 IST" skipped="0">
  <testcase classname="com.vaultify.vaultify_platform.Staff_and_Team" name="Employee_staff_Add" time="23.581"/>
  <system-out/>
  <testcase classname="com.vaultify.vaultify_platform.Staff_and_Team" name="Employee_staff_Add" time="22.911"/>
  <system-out/>
  <testcase classname="com.vaultify.vaultify_platform.Staff_and_Team" name="Employee_staff_Add" time="24.033"/>
  <system-out/>
  <testcase classname="com.vaultify.vaultify_platform.Staff_and_Team" name="Employee_staff_Add" time="24.234"/>
  <system-out/>
  <testcase classname="com.vaultify.vaultify_platform.Staff_and_Team" name="Employee_staff_Add" time="24.135"/>
  <system-out/>
  <testcase classname="com.vaultify.vaultify_platform.Staff_and_Team" name="Employee_staff_Add" time="22.787"/>
  <system-out/>
</testsuite> <!-- com.vaultify.vaultify_platform.Staff_and_Team -->
