<?xml version="1.0" encoding="UTF-8"?>
<!-- Generated by org.testng.reporters.JUnitReportReporter -->
<testsuite hostname="DESKTOP-3CSQIQH" failures="0" tests="1" name="com.vaultify.vaultify_platform.FeedBack_Module" time="33.748" errors="0" timestamp="2025-08-11T19:28:20 IST" skipped="0">
  <testcase classname="com.vaultify.vaultify_platform.FeedBack_Module" name="feedback_Search" time="33.748"/>
</testsuite> <!-- com.vaultify.vaultify_platform.FeedBack_Module -->
