<?xml version="1.0" encoding="UTF-8"?>
<!-- Generated by org.testng.reporters.JUnitReportReporter -->
<testsuite hostname="DESKTOP-3CSQIQH" failures="0" tests="3" name="com.vaultify.vaultify_platform.Society_management" time="45.818" errors="0" timestamp="2025-07-04T17:44:15 IST" skipped="0">
  <testcase classname="com.vaultify.vaultify_platform.Society_management" name="Society_add" time="16.164"/>
  <testcase classname="com.vaultify.vaultify_platform.Society_management" name="Society_add" time="14.663"/>
  <testcase classname="com.vaultify.vaultify_platform.Society_management" name="Society_add" time="14.991"/>
</testsuite> <!-- com.vaultify.vaultify_platform.Society_management -->
