<?xml version="1.0" encoding="UTF-8"?>
<!-- Generated by org.testng.reporters.JUnitReportReporter -->
<testsuite hostname="DESKTOP-3CSQIQH" failures="0" tests="1" name="com.vaultify.vaultify_platform.Bidding_management" time="42.303" errors="0" timestamp="2025-08-13T14:00:17 IST" skipped="0">
  <testcase classname="com.vaultify.vaultify_platform.Bidding_management" name="bidstatus_checker" time="42.303"/>
</testsuite> <!-- com.vaultify.vaultify_platform.Bidding_management -->
