<?xml version="1.0" encoding="UTF-8"?>
<!-- Generated by org.testng.reporters.JUnitReportReporter -->
<testsuite hostname="DESKTOP-CM9LAU8" failures="0" tests="1" name="com.vaultify.vaultify_platform.Staff_and_Team" time="17.497" errors="0" timestamp="2025-05-20T20:06:20 IST" skipped="0">
  <testcase classname="com.vaultify.vaultify_platform.Staff_and_Team" name="Employee_staff_Add" time="17.497"/>
  <system-out/>
</testsuite> <!-- com.vaultify.vaultify_platform.Staff_and_Team -->
