<?xml version="1.0" encoding="UTF-8"?>
<!-- Generated by org.testng.reporters.JUnitReportReporter -->
<testsuite hostname="DESKTOP-3CSQIQH" failures="0" tests="1" name="com.vaultify.vaultify_platform.Bidding_management" time="19.513" errors="0" timestamp="2025-07-14T16:24:22 IST" skipped="0">
  <testcase classname="com.vaultify.vaultify_platform.Bidding_management" name="privateBid_console_search" time="19.513"/>
</testsuite> <!-- com.vaultify.vaultify_platform.Bidding_management -->
