<?xml version="1.0" encoding="UTF-8"?>
<!-- Generated by org.testng.reporters.JUnitReportReporter -->
<testsuite hostname="DESKTOP-CM9LAU8" failures="0" tests="1" name="com.vaultify.vaultify_platform.Admin_Login" time="17.460" errors="0" timestamp="2025-05-12T16:05:26 IST" skipped="0">
  <testcase classname="com.vaultify.vaultify_platform.Admin_Login" name="login" time="17.460"/>
  <system-out/>
</testsuite> <!-- com.vaultify.vaultify_platform.Admin_Login -->
