<?xml version="1.0" encoding="UTF-8"?>
<!-- Generated by org.testng.reporters.JUnitReportReporter -->
<testsuite hostname="user" failures="0" tests="1" name="com.vaultify.vaultify_platform.Grievance_Module" time="3.398" errors="0" timestamp="2025-08-02T23:29:44 IST" skipped="0">
  <testcase classname="com.vaultify.vaultify_platform.Grievance_Module" name="all_collections_cleaner" time="3.398"/>
  <system-out/>
</testsuite> <!-- com.vaultify.vaultify_platform.Grievance_Module -->
