<?xml version="1.0" encoding="UTF-8"?>
<!-- Generated by org.testng.reporters.JUnitReportReporter -->
<testsuite hostname="DESKTOP-3CSQIQH" failures="0" tests="1" name="com.vaultify.vaultify_platform.Property_management" time="17.448" errors="0" timestamp="2025-07-04T13:59:20 IST" skipped="0">
  <testcase classname="com.vaultify.vaultify_platform.Property_management" name="property_details_Data_fetch" time="17.448"/>
</testsuite> <!-- com.vaultify.vaultify_platform.Property_management -->
