<?xml version="1.0" encoding="UTF-8"?>
<!-- Generated by org.testng.reporters.JUnitReportReporter -->
<testsuite hostname="user" failures="0" tests="1" name="com.vaultify.vaultify_platform.Roles" time="2.824" errors="0" timestamp="2025-07-24T20:04:46 IST" skipped="0">
  <testcase classname="com.vaultify.vaultify_platform.Roles" name="clear_all_collections" time="2.824"/>
  <system-out/>
</testsuite> <!-- com.vaultify.vaultify_platform.Roles -->
