<?xml version="1.0" encoding="UTF-8"?>
<!-- Generated by org.testng.reporters.JUnitReportReporter -->
<testsuite hostname="user" failures="0" tests="1" name="com.vaultify.vaultify_platform.Property_management" time="35.569" errors="0" timestamp="2025-06-29T00:49:22 IST" skipped="0">
  <testcase classname="com.vaultify.vaultify_platform.Property_management" name="Property_Staff_assign" time="35.569"/>
  <system-out/>
</testsuite> <!-- com.vaultify.vaultify_platform.Property_management -->
