<?xml version="1.0" encoding="UTF-8"?>
<!-- Generated by org.testng.reporters.JUnitReportReporter -->
<testsuite hostname="DESKTOP-3CSQIQH" failures="0" tests="1" name="com.vaultify.vaultify_platform.Staff_Attendance" time="18.221" errors="0" timestamp="2025-07-21T18:41:29 IST" skipped="0">
  <testcase classname="com.vaultify.vaultify_platform.Staff_Attendance" name="Staff_attendance_List_data_fetcher" time="18.221"/>
</testsuite> <!-- com.vaultify.vaultify_platform.Staff_Attendance -->
