<?xml version="1.0" encoding="UTF-8"?>
<!-- Generated by org.testng.reporters.JUnitReportReporter -->
<testsuite hostname="user" failures="0" tests="1" name="com.vaultify.vaultify_platform.FeedBack_Module" time="30.440" errors="0" timestamp="2025-08-01T23:20:29 IST" skipped="0">
  <testcase classname="com.vaultify.vaultify_platform.FeedBack_Module" name="feedback_Search" time="30.440"/>
  <system-out/>
</testsuite> <!-- com.vaultify.vaultify_platform.FeedBack_Module -->
