<?xml version="1.0" encoding="UTF-8"?>
<!-- Generated by org.testng.reporters.JUnitReportReporter -->
<testsuite hostname="DESKTOP-3CSQIQH" failures="0" tests="1" name="com.vaultify.vaultify_platform.user_module" time="39.695" errors="0" timestamp="2025-07-22T18:38:38 IST" skipped="0">
  <testcase classname="com.vaultify.vaultify_platform.user_module" name="user_details_listed_propertyname_matcher" time="39.695"/>
</testsuite> <!-- com.vaultify.vaultify_platform.user_module -->
