<?xml version="1.0" encoding="UTF-8"?>
<!-- Generated by org.testng.reporters.JUnitReportReporter -->
<testsuite hostname="DESKTOP-3CSQIQH" failures="0" tests="10" name="com.vaultify.vaultify_platform.Roles" time="528.711" errors="0" timestamp="2025-07-29T16:53:55 IST" skipped="0">
  <testcase classname="com.vaultify.vaultify_platform.Roles" name="role_add" time="53.891"/>
  <testcase classname="com.vaultify.vaultify_platform.Roles" name="role_add" time="52.667"/>
  <testcase classname="com.vaultify.vaultify_platform.Roles" name="role_add" time="52.035"/>
  <testcase classname="com.vaultify.vaultify_platform.Roles" name="role_add" time="52.428"/>
  <testcase classname="com.vaultify.vaultify_platform.Roles" name="role_add" time="51.920"/>
  <testcase classname="com.vaultify.vaultify_platform.Roles" name="role_add" time="53.246"/>
  <testcase classname="com.vaultify.vaultify_platform.Roles" name="role_add" time="54.779"/>
  <testcase classname="com.vaultify.vaultify_platform.Roles" name="role_add" time="52.549"/>
  <testcase classname="com.vaultify.vaultify_platform.Roles" name="role_add" time="53.397"/>
  <testcase classname="com.vaultify.vaultify_platform.Roles" name="role_add" time="51.799"/>
</testsuite> <!-- com.vaultify.vaultify_platform.Roles -->
