<?xml version="1.0" encoding="UTF-8"?>
<!-- Generated by org.testng.reporters.JUnitReportReporter -->
<testsuite hostname="DESKTOP-3CSQIQH" failures="0" tests="1" name="com.vaultify.vaultify_platform.Service_ReFund" time="56.534" errors="0" timestamp="2025-08-07T15:31:42 IST" skipped="0">
  <testcase classname="com.vaultify.vaultify_platform.Service_ReFund" name="Initiate_refund" time="56.534"/>
</testsuite> <!-- com.vaultify.vaultify_platform.Service_ReFund -->
