<?xml version="1.0" encoding="UTF-8"?>
<!-- Generated by org.testng.reporters.JUnitReportReporter -->
<testsuite hostname="user" failures="0" tests="1" name="com.vaultify.vaultify_platform.Staff_Attendance" time="20.902" errors="0" timestamp="2025-07-20T21:45:57 IST" skipped="0">
  <testcase classname="com.vaultify.vaultify_platform.Staff_Attendance" name="Attendence_filter_check" time="20.902"/>
  <system-out/>
</testsuite> <!-- com.vaultify.vaultify_platform.Staff_Attendance -->
