<?xml version="1.0" encoding="UTF-8"?>
<!-- Generated by org.testng.reporters.JUnitReportReporter -->
<testsuite hostname="user" failures="0" tests="1" name="com.vaultify.vaultify_platform.Talk_to_Expert_Module" time="27.580" errors="0" timestamp="2025-07-20T22:32:25 IST" skipped="0">
  <testcase classname="com.vaultify.vaultify_platform.Talk_to_Expert_Module" name="talk_to_expert_list_data_fetchers" time="27.580"/>
  <system-out/>
</testsuite> <!-- com.vaultify.vaultify_platform.Talk_to_Expert_Module -->
