<?xml version="1.0" encoding="UTF-8"?>
<!-- Generated by org.testng.reporters.JUnitReportReporter -->
<testsuite hostname="DESKTOP-3CSQIQH" failures="0" tests="1" name="com.vaultify.vaultify_platform.Staff_and_Team" time="22.508" errors="0" timestamp="2025-06-19T18:50:05 IST" skipped="0">
  <testcase classname="com.vaultify.vaultify_platform.Staff_and_Team" name="Employee_staff_Add" time="22.508"/>
</testsuite> <!-- com.vaultify.vaultify_platform.Staff_and_Team -->
