<?xml version="1.0" encoding="UTF-8"?>
<!-- Generated by org.testng.reporters.JUnitReportReporter -->
<testsuite hostname="DESKTOP-3CSQIQH" failures="0" tests="1" name="com.vaultify.vaultify_platform.Property_management" time="13.386" errors="0" timestamp="2025-06-19T18:51:22 IST" skipped="0">
  <testcase classname="com.vaultify.vaultify_platform.Property_management" name="Property_Search" time="13.386"/>
</testsuite> <!-- com.vaultify.vaultify_platform.Property_management -->
