<?xml version="1.0" encoding="UTF-8"?>
<!-- Generated by org.testng.reporters.JUnitReportReporter -->
<testsuite hostname="user" failures="0" tests="1" name="com.vaultify.vaultify_platform.Bidding_management" time="24.082" errors="0" timestamp="2025-07-17T13:18:13 IST" skipped="0">
  <testcase classname="com.vaultify.vaultify_platform.Bidding_management" name="privateBid_console_search" time="24.082"/>
  <system-out/>
</testsuite> <!-- com.vaultify.vaultify_platform.Bidding_management -->
