<?xml version="1.0" encoding="UTF-8"?>
<!-- Generated by org.testng.reporters.JUnitReportReporter -->
<testsuite hostname="DESKTOP-CM9LAU8" failures="0" tests="1" name="com.vaultify.vaultify_platform.Admin_Modules_Access_and_check" time="13.211" errors="0" timestamp="2025-05-12T20:35:41 IST" skipped="0">
  <testcase classname="com.vaultify.vaultify_platform.Admin_Modules_Access_and_check" name="UserManagement" time="13.211"/>
  <system-out/>
</testsuite> <!-- com.vaultify.vaultify_platform.Admin_Modules_Access_and_check -->
