<?xml version="1.0" encoding="UTF-8"?>
<!-- Generated by org.testng.reporters.JUnitReportReporter -->
<testsuite hostname="user" failures="0" tests="1" name="com.vaultify.vaultify_platform.Property_management" time="32.633" errors="0" timestamp="2025-07-20T22:38:46 IST" skipped="0">
  <testcase classname="com.vaultify.vaultify_platform.Property_management" name="Property_Search" time="32.633"/>
  <system-out/>
</testsuite> <!-- com.vaultify.vaultify_platform.Property_management -->
