<?xml version="1.0" encoding="UTF-8"?>
<!-- Generated by org.testng.reporters.JUnitReportReporter -->
<testsuite hostname="DESKTOP-3CSQIQH" failures="0" tests="1" name="com.vaultify.vaultify_platform.Staff_and_Team" time="19.608" errors="0" timestamp="2025-07-18T20:21:55 IST" skipped="0">
  <testcase classname="com.vaultify.vaultify_platform.Staff_and_Team" name="employee_delete" time="19.608"/>
</testsuite> <!-- com.vaultify.vaultify_platform.Staff_and_Team -->
