<?xml version="1.0" encoding="UTF-8"?>
<!-- Generated by org.testng.reporters.JUnitReportReporter -->
<testsuite hostname="user" failures="0" tests="1" name="com.vaultify.vaultify_platform.Roles" time="57.264" errors="0" timestamp="2025-07-24T16:00:41 IST" skipped="0">
  <testcase classname="com.vaultify.vaultify_platform.Roles" name="role_add" time="57.264"/>
  <system-out/>
</testsuite> <!-- com.vaultify.vaultify_platform.Roles -->
