<?xml version="1.0" encoding="UTF-8"?>
<!-- Generated by org.testng.reporters.JUnitReportReporter -->
<testsuite hostname="DESKTOP-3CSQIQH" failures="0" tests="1" name="com.vaultify.vaultify_platform.FeedBack_Module" time="27.504" errors="0" timestamp="2025-07-31T19:10:38 IST" skipped="0">
  <testcase classname="com.vaultify.vaultify_platform.FeedBack_Module" name="view_details" time="27.504"/>
</testsuite> <!-- com.vaultify.vaultify_platform.FeedBack_Module -->
