<?xml version="1.0" encoding="UTF-8"?>
<!-- Generated by org.testng.reporters.JUnitReportReporter -->
<testsuite hostname="user" failures="0" tests="1" name="com.vaultify.vaultify_platform.Refund_Management" time="18.684" errors="0" timestamp="2025-07-17T13:16:52 IST" skipped="0">
  <testcase classname="com.vaultify.vaultify_platform.Refund_Management" name="Refund_list_search" time="18.684"/>
  <system-out/>
</testsuite> <!-- com.vaultify.vaultify_platform.Refund_Management -->
